{"/Users/robisson/projects/javascript/architecture-center-backend/src/auth/guards/jwt-auth.guard.ts": {"path":"/Users/robisson/projects/javascript/architecture-center-backend/src/auth/guards/jwt-auth.guard.ts","statementMap":{"0":{"start":{"line":1,"column":0},"end":{"line":1,"column":44}},"1":{"start":{"line":2,"column":0},"end":{"line":2,"column":45}},"2":{"start":{"line":5,"column":0},"end":{"line":5,"column":null}},"3":{"start":{"line":5,"column":13},"end":{"line":5,"column":null}},"4":{"start":{"line":5,"column":13},"end":{"line":5,"column":25}}},"fnMap":{},"branchMap":{},"s":{"0":1,"1":1,"2":1,"3":1,"4":1},"f":{},"b":{}}
,"/Users/robisson/projects/javascript/architecture-center-backend/src/solutions/domain/entities/canvas.entity.ts": {"path":"/Users/robisson/projects/javascript/architecture-center-backend/src/solutions/domain/entities/canvas.entity.ts","statementMap":{"0":{"start":{"line":1,"column":0},"end":{"line":1,"column":103}},"1":{"start":{"line":2,"column":0},"end":{"line":2,"column":52}},"2":{"start":{"line":6,"column":0},"end":{"line":59,"column":null}},"3":{"start":{"line":10,"column":4},"end":{"line":10,"column":null}},"4":{"start":{"line":9,"column":19},"end":{"line":9,"column":25}},"5":{"start":{"line":14,"column":4},"end":{"line":14,"column":null}},"6":{"start":{"line":12,"column":19},"end":{"line":12,"column":25}},"7":{"start":{"line":18,"column":4},"end":{"line":18,"column":null}},"8":{"start":{"line":16,"column":19},"end":{"line":16,"column":27}},"9":{"start":{"line":22,"column":4},"end":{"line":22,"column":null}},"10":{"start":{"line":20,"column":19},"end":{"line":20,"column":27}},"11":{"start":{"line":26,"column":4},"end":{"line":26,"column":null}},"12":{"start":{"line":24,"column":19},"end":{"line":24,"column":27}},"13":{"start":{"line":30,"column":4},"end":{"line":30,"column":null}},"14":{"start":{"line":28,"column":19},"end":{"line":28,"column":27}},"15":{"start":{"line":34,"column":4},"end":{"line":34,"column":null}},"16":{"start":{"line":32,"column":19},"end":{"line":32,"column":27}},"17":{"start":{"line":38,"column":4},"end":{"line":38,"column":null}},"18":{"start":{"line":36,"column":19},"end":{"line":36,"column":27}},"19":{"start":{"line":42,"column":4},"end":{"line":42,"column":null}},"20":{"start":{"line":40,"column":19},"end":{"line":40,"column":27}},"21":{"start":{"line":46,"column":4},"end":{"line":46,"column":null}},"22":{"start":{"line":44,"column":19},"end":{"line":44,"column":27}},"23":{"start":{"line":50,"column":4},"end":{"line":50,"column":null}},"24":{"start":{"line":48,"column":19},"end":{"line":48,"column":27}},"25":{"start":{"line":54,"column":4},"end":{"line":54,"column":null}},"26":{"start":{"line":52,"column":19},"end":{"line":52,"column":23}},"27":{"start":{"line":58,"column":4},"end":{"line":58,"column":null}},"28":{"start":{"line":56,"column":19},"end":{"line":56,"column":23}},"29":{"start":{"line":6,"column":13},"end":{"line":59,"column":null}},"30":{"start":{"line":6,"column":13},"end":{"line":6,"column":19}}},"fnMap":{"0":{"name":"(anonymous_2)","decl":{"start":{"line":9,"column":11},"end":{"line":9,"column":15}},"loc":{"start":{"line":9,"column":19},"end":{"line":9,"column":25}}},"1":{"name":"(anonymous_3)","decl":{"start":{"line":12,"column":11},"end":{"line":12,"column":15}},"loc":{"start":{"line":12,"column":19},"end":{"line":12,"column":25}}},"2":{"name":"(anonymous_4)","decl":{"start":{"line":16,"column":11},"end":{"line":16,"column":15}},"loc":{"start":{"line":16,"column":19},"end":{"line":16,"column":27}}},"3":{"name":"(anonymous_5)","decl":{"start":{"line":20,"column":11},"end":{"line":20,"column":15}},"loc":{"start":{"line":20,"column":19},"end":{"line":20,"column":27}}},"4":{"name":"(anonymous_6)","decl":{"start":{"line":24,"column":11},"end":{"line":24,"column":15}},"loc":{"start":{"line":24,"column":19},"end":{"line":24,"column":27}}},"5":{"name":"(anonymous_7)","decl":{"start":{"line":28,"column":11},"end":{"line":28,"column":15}},"loc":{"start":{"line":28,"column":19},"end":{"line":28,"column":27}}},"6":{"name":"(anonymous_8)","decl":{"start":{"line":32,"column":11},"end":{"line":32,"column":15}},"loc":{"start":{"line":32,"column":19},"end":{"line":32,"column":27}}},"7":{"name":"(anonymous_9)","decl":{"start":{"line":36,"column":11},"end":{"line":36,"column":15}},"loc":{"start":{"line":36,"column":19},"end":{"line":36,"column":27}}},"8":{"name":"(anonymous_10)","decl":{"start":{"line":40,"column":11},"end":{"line":40,"column":15}},"loc":{"start":{"line":40,"column":19},"end":{"line":40,"column":27}}},"9":{"name":"(anonymous_11)","decl":{"start":{"line":44,"column":11},"end":{"line":44,"column":15}},"loc":{"start":{"line":44,"column":19},"end":{"line":44,"column":27}}},"10":{"name":"(anonymous_12)","decl":{"start":{"line":48,"column":11},"end":{"line":48,"column":15}},"loc":{"start":{"line":48,"column":19},"end":{"line":48,"column":27}}},"11":{"name":"(anonymous_13)","decl":{"start":{"line":52,"column":11},"end":{"line":52,"column":15}},"loc":{"start":{"line":52,"column":19},"end":{"line":52,"column":23}}},"12":{"name":"(anonymous_14)","decl":{"start":{"line":56,"column":11},"end":{"line":56,"column":15}},"loc":{"start":{"line":56,"column":19},"end":{"line":56,"column":23}}}},"branchMap":{},"s":{"0":1,"1":1,"2":1,"3":1,"4":0,"5":1,"6":0,"7":1,"8":0,"9":1,"10":0,"11":1,"12":0,"13":1,"14":0,"15":1,"16":0,"17":1,"18":0,"19":1,"20":0,"21":1,"22":0,"23":1,"24":0,"25":1,"26":0,"27":1,"28":0,"29":1,"30":1},"f":{"0":0,"1":0,"2":0,"3":0,"4":0,"5":0,"6":0,"7":0,"8":0,"9":0,"10":0,"11":0,"12":0},"b":{}}
,"/Users/robisson/projects/javascript/architecture-center-backend/src/solutions/domain/entities/solution.entity.ts": {"path":"/Users/robisson/projects/javascript/architecture-center-backend/src/solutions/domain/entities/solution.entity.ts","statementMap":{"0":{"start":{"line":1,"column":0},"end":{"line":1,"column":103}},"1":{"start":{"line":2,"column":0},"end":{"line":2,"column":52}},"2":{"start":{"line":6,"column":0},"end":{"line":55,"column":null}},"3":{"start":{"line":10,"column":4},"end":{"line":10,"column":null}},"4":{"start":{"line":9,"column":19},"end":{"line":9,"column":25}},"5":{"start":{"line":14,"column":4},"end":{"line":14,"column":null}},"6":{"start":{"line":18,"column":4},"end":{"line":18,"column":null}},"7":{"start":{"line":22,"column":4},"end":{"line":22,"column":null}},"8":{"start":{"line":26,"column":4},"end":{"line":26,"column":null}},"9":{"start":{"line":30,"column":4},"end":{"line":30,"column":null}},"10":{"start":{"line":34,"column":4},"end":{"line":34,"column":null}},"11":{"start":{"line":38,"column":4},"end":{"line":38,"column":null}},"12":{"start":{"line":36,"column":19},"end":{"line":36,"column":25}},"13":{"start":{"line":42,"column":4},"end":{"line":42,"column":null}},"14":{"start":{"line":40,"column":19},"end":{"line":40,"column":27}},"15":{"start":{"line":46,"column":4},"end":{"line":46,"column":null}},"16":{"start":{"line":44,"column":19},"end":{"line":44,"column":27}},"17":{"start":{"line":50,"column":4},"end":{"line":50,"column":null}},"18":{"start":{"line":48,"column":19},"end":{"line":48,"column":23}},"19":{"start":{"line":54,"column":4},"end":{"line":54,"column":null}},"20":{"start":{"line":52,"column":19},"end":{"line":52,"column":23}},"21":{"start":{"line":6,"column":13},"end":{"line":55,"column":null}},"22":{"start":{"line":6,"column":13},"end":{"line":6,"column":21}}},"fnMap":{"0":{"name":"(anonymous_2)","decl":{"start":{"line":9,"column":11},"end":{"line":9,"column":15}},"loc":{"start":{"line":9,"column":19},"end":{"line":9,"column":25}}},"1":{"name":"(anonymous_3)","decl":{"start":{"line":36,"column":11},"end":{"line":36,"column":15}},"loc":{"start":{"line":36,"column":19},"end":{"line":36,"column":25}}},"2":{"name":"(anonymous_4)","decl":{"start":{"line":40,"column":11},"end":{"line":40,"column":15}},"loc":{"start":{"line":40,"column":19},"end":{"line":40,"column":27}}},"3":{"name":"(anonymous_5)","decl":{"start":{"line":44,"column":11},"end":{"line":44,"column":15}},"loc":{"start":{"line":44,"column":19},"end":{"line":44,"column":27}}},"4":{"name":"(anonymous_6)","decl":{"start":{"line":48,"column":11},"end":{"line":48,"column":15}},"loc":{"start":{"line":48,"column":19},"end":{"line":48,"column":23}}},"5":{"name":"(anonymous_7)","decl":{"start":{"line":52,"column":11},"end":{"line":52,"column":15}},"loc":{"start":{"line":52,"column":19},"end":{"line":52,"column":23}}}},"branchMap":{},"s":{"0":1,"1":1,"2":1,"3":1,"4":0,"5":1,"6":1,"7":1,"8":1,"9":1,"10":1,"11":1,"12":0,"13":1,"14":0,"15":1,"16":0,"17":1,"18":0,"19":1,"20":0,"21":1,"22":1},"f":{"0":0,"1":0,"2":0,"3":0,"4":0,"5":0},"b":{}}
,"/Users/robisson/projects/javascript/architecture-center-backend/src/solutions/domain/services/canvas.service.ts": {"path":"/Users/robisson/projects/javascript/architecture-center-backend/src/solutions/domain/services/canvas.service.ts","statementMap":{"0":{"start":{"line":1,"column":0},"end":{"line":1,"column":44}},"1":{"start":{"line":2,"column":0},"end":{"line":2,"column":51}},"2":{"start":{"line":3,"column":0},"end":{"line":3,"column":37}},"3":{"start":{"line":4,"column":0},"end":{"line":4,"column":51}},"4":{"start":{"line":6,"column":0},"end":{"line":6,"column":32}},"5":{"start":{"line":9,"column":0},"end":{"line":38,"column":null}},"6":{"start":{"line":13,"column":12},"end":{"line":13,"column":30}},"7":{"start":{"line":18,"column":21},"end":{"line":18,"column":81}},"8":{"start":{"line":20,"column":6},"end":{"line":24,"column":null}},"9":{"start":{"line":21,"column":9},"end":{"line":21,"column":50}},"10":{"start":{"line":22,"column":12},"end":{"line":24,"column":null}},"11":{"start":{"line":23,"column":9},"end":{"line":23,"column":52}},"12":{"start":{"line":26,"column":22},"end":{"line":26,"column":62}},"13":{"start":{"line":28,"column":6},"end":{"line":28,"column":20}},"14":{"start":{"line":32,"column":4},"end":{"line":32,"column":51}},"15":{"start":{"line":36,"column":4},"end":{"line":36,"column":48}},"16":{"start":{"line":9,"column":13},"end":{"line":38,"column":null}},"17":{"start":{"line":9,"column":13},"end":{"line":9,"column":26}}},"fnMap":{"0":{"name":"(anonymous_4)","decl":{"start":{"line":11,"column":2},"end":{"line":11,"column":null}},"loc":{"start":{"line":13,"column":48},"end":{"line":14,"column":7}}},"1":{"name":"(anonymous_5)","decl":{"start":{"line":16,"column":2},"end":{"line":16,"column":7}},"loc":{"start":{"line":16,"column":71},"end":{"line":29,"column":3}}},"2":{"name":"(anonymous_6)","decl":{"start":{"line":31,"column":2},"end":{"line":31,"column":8}},"loc":{"start":{"line":31,"column":32},"end":{"line":33,"column":3}}},"3":{"name":"(anonymous_7)","decl":{"start":{"line":35,"column":2},"end":{"line":35,"column":9}},"loc":{"start":{"line":35,"column":24},"end":{"line":37,"column":3}}}},"branchMap":{"0":{"loc":{"start":{"line":20,"column":6},"end":{"line":24,"column":null}},"type":"if","locations":[{"start":{"line":20,"column":6},"end":{"line":24,"column":null}},{"start":{"line":20,"column":6},"end":{"line":24,"column":null}}]},"1":{"loc":{"start":{"line":22,"column":12},"end":{"line":24,"column":null}},"type":"if","locations":[{"start":{"line":22,"column":12},"end":{"line":24,"column":null}},{"start":{"line":22,"column":12},"end":{"line":24,"column":null}}]}},"s":{"0":1,"1":1,"2":1,"3":1,"4":1,"5":1,"6":3,"7":0,"8":0,"9":0,"10":0,"11":0,"12":0,"13":0,"14":1,"15":0,"16":1,"17":1},"f":{"0":3,"1":0,"2":1,"3":0},"b":{"0":[0,0],"1":[0,0]}}
,"/Users/robisson/projects/javascript/architecture-center-backend/src/solutions/domain/services/solutions.service.ts": {"path":"/Users/robisson/projects/javascript/architecture-center-backend/src/solutions/domain/services/solutions.service.ts","statementMap":{"0":{"start":{"line":1,"column":0},"end":{"line":1,"column":44}},"1":{"start":{"line":2,"column":0},"end":{"line":2,"column":51}},"2":{"start":{"line":3,"column":0},"end":{"line":3,"column":52}},"3":{"start":{"line":6,"column":0},"end":{"line":6,"column":55}},"4":{"start":{"line":7,"column":0},"end":{"line":7,"column":32}},"5":{"start":{"line":8,"column":0},"end":{"line":8,"column":49}},"6":{"start":{"line":12,"column":0},"end":{"line":97,"column":null}},"7":{"start":{"line":16,"column":12},"end":{"line":16,"column":28}},"8":{"start":{"line":17,"column":12},"end":{"line":17,"column":27}},"9":{"start":{"line":21,"column":32},"end":{"line":21,"column":81}},"10":{"start":{"line":23,"column":37},"end":{"line":34,"column":null}},"11":{"start":{"line":36,"column":4},"end":{"line":36,"column":44}},"12":{"start":{"line":38,"column":4},"end":{"line":38,"column":20}},"13":{"start":{"line":43,"column":18},"end":{"line":51,"column":10}},"14":{"start":{"line":53,"column":4},"end":{"line":53,"column":43}},"15":{"start":{"line":57,"column":4},"end":{"line":57,"column":46}},"16":{"start":{"line":61,"column":4},"end":{"line":61,"column":51}},"17":{"start":{"line":65,"column":4},"end":{"line":65,"column":51}},"18":{"start":{"line":70,"column":33},"end":{"line":70,"column":56}},"19":{"start":{"line":71,"column":23},"end":{"line":71,"column":82}},"20":{"start":{"line":73,"column":6},"end":{"line":75,"column":null}},"21":{"start":{"line":74,"column":9},"end":{"line":74,"column":41}},"22":{"start":{"line":77,"column":22},"end":{"line":77,"column":61}},"23":{"start":{"line":79,"column":6},"end":{"line":79,"column":20}},"24":{"start":{"line":84,"column":33},"end":{"line":84,"column":56}},"25":{"start":{"line":85,"column":23},"end":{"line":85,"column":82}},"26":{"start":{"line":87,"column":6},"end":{"line":91,"column":null}},"27":{"start":{"line":88,"column":9},"end":{"line":88,"column":55}},"28":{"start":{"line":89,"column":12},"end":{"line":91,"column":null}},"29":{"start":{"line":90,"column":9},"end":{"line":90,"column":57}},"30":{"start":{"line":93,"column":22},"end":{"line":93,"column":61}},"31":{"start":{"line":95,"column":6},"end":{"line":95,"column":20}},"32":{"start":{"line":12,"column":13},"end":{"line":97,"column":null}},"33":{"start":{"line":12,"column":13},"end":{"line":12,"column":29}}},"fnMap":{"0":{"name":"(anonymous_4)","decl":{"start":{"line":14,"column":2},"end":{"line":14,"column":null}},"loc":{"start":{"line":17,"column":40},"end":{"line":18,"column":7}}},"1":{"name":"(anonymous_5)","decl":{"start":{"line":20,"column":2},"end":{"line":20,"column":7}},"loc":{"start":{"line":20,"column":51},"end":{"line":39,"column":3}}},"2":{"name":"(anonymous_6)","decl":{"start":{"line":41,"column":2},"end":{"line":41,"column":9}},"loc":{"start":{"line":41,"column":23},"end":{"line":54,"column":3}}},"3":{"name":"(anonymous_7)","decl":{"start":{"line":56,"column":2},"end":{"line":56,"column":9}},"loc":{"start":{"line":56,"column":24},"end":{"line":58,"column":3}}},"4":{"name":"(anonymous_8)","decl":{"start":{"line":60,"column":2},"end":{"line":60,"column":8}},"loc":{"start":{"line":60,"column":57},"end":{"line":62,"column":3}}},"5":{"name":"(anonymous_9)","decl":{"start":{"line":64,"column":2},"end":{"line":64,"column":8}},"loc":{"start":{"line":64,"column":19},"end":{"line":66,"column":3}}},"6":{"name":"(anonymous_10)","decl":{"start":{"line":68,"column":2},"end":{"line":68,"column":7}},"loc":{"start":{"line":68,"column":50},"end":{"line":80,"column":3}}},"7":{"name":"(anonymous_11)","decl":{"start":{"line":82,"column":2},"end":{"line":82,"column":7}},"loc":{"start":{"line":82,"column":65},"end":{"line":96,"column":3}}}},"branchMap":{"0":{"loc":{"start":{"line":44,"column":4},"end":{"line":51,"column":6}},"type":"cond-expr","locations":[{"start":{"line":44,"column":4},"end":{"line":51,"column":6}},{"start":{"line":51,"column":8},"end":{"line":51,"column":10}}]},"1":{"loc":{"start":{"line":43,"column":19},"end":{"line":43,"column":33}},"type":"binary-expr","locations":[{"start":{"line":43,"column":19},"end":{"line":43,"column":33}},{"start":{"line":43,"column":37},"end":{"line":43,"column":49}}]},"2":{"loc":{"start":{"line":73,"column":6},"end":{"line":75,"column":null}},"type":"if","locations":[{"start":{"line":73,"column":6},"end":{"line":75,"column":null}},{"start":{"line":73,"column":6},"end":{"line":75,"column":null}}]},"3":{"loc":{"start":{"line":87,"column":6},"end":{"line":91,"column":null}},"type":"if","locations":[{"start":{"line":87,"column":6},"end":{"line":91,"column":null}},{"start":{"line":87,"column":6},"end":{"line":91,"column":null}}]},"4":{"loc":{"start":{"line":89,"column":12},"end":{"line":91,"column":null}},"type":"if","locations":[{"start":{"line":89,"column":12},"end":{"line":91,"column":null}},{"start":{"line":89,"column":12},"end":{"line":91,"column":null}}]}},"s":{"0":1,"1":1,"2":1,"3":1,"4":1,"5":1,"6":1,"7":3,"8":3,"9":1,"10":1,"11":1,"12":1,"13":1,"14":1,"15":1,"16":0,"17":0,"18":0,"19":0,"20":0,"21":0,"22":0,"23":0,"24":0,"25":0,"26":0,"27":0,"28":0,"29":0,"30":0,"31":0,"32":1,"33":1},"f":{"0":3,"1":1,"2":1,"3":1,"4":0,"5":0,"6":0,"7":0},"b":{"0":[0,1],"1":[1,1],"2":[0,0],"3":[0,0],"4":[0,0]}}
,"/Users/robisson/projects/javascript/architecture-center-backend/src/users/Entities/image.entity.ts": {"path":"/Users/robisson/projects/javascript/architecture-center-backend/src/users/Entities/image.entity.ts","statementMap":{"0":{"start":{"line":1,"column":0},"end":{"line":1,"column":31}},"1":{"start":{"line":2,"column":0},"end":{"line":2,"column":52}},"2":{"start":{"line":5,"column":0},"end":{"line":14,"column":null}},"3":{"start":{"line":9,"column":4},"end":{"line":9,"column":null}},"4":{"start":{"line":13,"column":4},"end":{"line":13,"column":null}},"5":{"start":{"line":5,"column":13},"end":{"line":14,"column":null}},"6":{"start":{"line":5,"column":13},"end":{"line":5,"column":18}}},"fnMap":{},"branchMap":{},"s":{"0":2,"1":2,"2":2,"3":2,"4":2,"5":2,"6":2},"f":{},"b":{}}
,"/Users/robisson/projects/javascript/architecture-center-backend/src/users/Entities/user.entity.ts": {"path":"/Users/robisson/projects/javascript/architecture-center-backend/src/users/Entities/user.entity.ts","statementMap":{"0":{"start":{"line":1,"column":0},"end":{"line":1,"column":67}},"1":{"start":{"line":2,"column":0},"end":{"line":2,"column":52}},"2":{"start":{"line":3,"column":0},"end":{"line":3,"column":39}},"3":{"start":{"line":7,"column":0},"end":{"line":36,"column":null}},"4":{"start":{"line":11,"column":4},"end":{"line":11,"column":null}},"5":{"start":{"line":10,"column":19},"end":{"line":10,"column":25}},"6":{"start":{"line":15,"column":4},"end":{"line":15,"column":null}},"7":{"start":{"line":19,"column":4},"end":{"line":19,"column":null}},"8":{"start":{"line":23,"column":4},"end":{"line":23,"column":null}},"9":{"start":{"line":27,"column":4},"end":{"line":27,"column":null}},"10":{"start":{"line":31,"column":4},"end":{"line":31,"column":null}},"11":{"start":{"line":35,"column":4},"end":{"line":35,"column":null}},"12":{"start":{"line":7,"column":13},"end":{"line":36,"column":null}},"13":{"start":{"line":7,"column":13},"end":{"line":7,"column":17}}},"fnMap":{"0":{"name":"(anonymous_2)","decl":{"start":{"line":10,"column":11},"end":{"line":10,"column":15}},"loc":{"start":{"line":10,"column":19},"end":{"line":10,"column":25}}}},"branchMap":{},"s":{"0":2,"1":2,"2":2,"3":2,"4":2,"5":0,"6":2,"7":2,"8":2,"9":2,"10":2,"11":2,"12":2,"13":2},"f":{"0":0},"b":{}}
,"/Users/robisson/projects/javascript/architecture-center-backend/src/users/controllers/users.controller.ts": {"path":"/Users/robisson/projects/javascript/architecture-center-backend/src/users/controllers/users.controller.ts","statementMap":{"0":{"start":{"line":1,"column":0},"end":{"line":1,"column":60}},"1":{"start":{"line":2,"column":0},"end":{"line":2,"column":55}},"2":{"start":{"line":3,"column":0},"end":{"line":3,"column":64}},"3":{"start":{"line":7,"column":0},"end":{"line":15,"column":null}},"4":{"start":{"line":8,"column":22},"end":{"line":8,"column":35}},"5":{"start":{"line":13,"column":4},"end":{"line":13,"column":38}},"6":{"start":{"line":12,"column":2},"end":{"line":14,"column":null}},"7":{"start":{"line":7,"column":13},"end":{"line":15,"column":null}},"8":{"start":{"line":7,"column":13},"end":{"line":7,"column":28}}},"fnMap":{"0":{"name":"(anonymous_2)","decl":{"start":{"line":8,"column":2},"end":{"line":8,"column":22}},"loc":{"start":{"line":8,"column":46},"end":{"line":8,"column":51}}},"1":{"name":"(anonymous_3)","decl":{"start":{"line":12,"column":9},"end":{"line":12,"column":17}},"loc":{"start":{"line":12,"column":17},"end":{"line":14,"column":3}}}},"branchMap":{},"s":{"0":1,"1":1,"2":1,"3":1,"4":1,"5":1,"6":1,"7":1,"8":1},"f":{"0":1,"1":1},"b":{}}
,"/Users/robisson/projects/javascript/architecture-center-backend/src/users/services/user.service.ts": {"path":"/Users/robisson/projects/javascript/architecture-center-backend/src/users/services/user.service.ts","statementMap":{"0":{"start":{"line":1,"column":0},"end":{"line":1,"column":44}},"1":{"start":{"line":2,"column":0},"end":{"line":2,"column":51}},"2":{"start":{"line":3,"column":0},"end":{"line":3,"column":37}},"3":{"start":{"line":4,"column":0},"end":{"line":4,"column":47}},"4":{"start":{"line":7,"column":0},"end":{"line":58,"column":null}},"5":{"start":{"line":13,"column":12},"end":{"line":13,"column":28}},"6":{"start":{"line":9,"column":10},"end":{"line":9,"column":28}},"7":{"start":{"line":18,"column":37},"end":{"line":18,"column":92}},"8":{"start":{"line":20,"column":4},"end":{"line":22,"column":null}},"9":{"start":{"line":21,"column":6},"end":{"line":21,"column":36}},"10":{"start":{"line":24,"column":23},"end":{"line":24,"column":33}},"11":{"start":{"line":25,"column":4},"end":{"line":25,"column":23}},"12":{"start":{"line":26,"column":4},"end":{"line":26,"column":28}},"13":{"start":{"line":28,"column":19},"end":{"line":28,"column":36}},"14":{"start":{"line":29,"column":17},"end":{"line":29,"column":53}},"15":{"start":{"line":31,"column":4},"end":{"line":31,"column":25}},"16":{"start":{"line":33,"column":4},"end":{"line":33,"column":42}},"17":{"start":{"line":37,"column":4},"end":{"line":37,"column":38}},"18":{"start":{"line":41,"column":4},"end":{"line":41,"column":43}},"19":{"start":{"line":45,"column":22},"end":{"line":45,"column":77}},"20":{"start":{"line":46,"column":19},"end":{"line":46,"column":36}},"21":{"start":{"line":48,"column":31},"end":{"line":48,"column":74}},"22":{"start":{"line":50,"column":4},"end":{"line":50,"column":57}},"23":{"start":{"line":52,"column":4},"end":{"line":52,"column":44}},"24":{"start":{"line":56,"column":4},"end":{"line":56,"column":41}},"25":{"start":{"line":7,"column":13},"end":{"line":58,"column":null}},"26":{"start":{"line":7,"column":13},"end":{"line":7,"column":24}}},"fnMap":{"0":{"name":"(anonymous_4)","decl":{"start":{"line":11,"column":2},"end":{"line":11,"column":null}},"loc":{"start":{"line":13,"column":44},"end":{"line":14,"column":7}}},"1":{"name":"(anonymous_5)","decl":{"start":{"line":16,"column":2},"end":{"line":16,"column":7}},"loc":{"start":{"line":16,"column":44},"end":{"line":34,"column":3}}},"2":{"name":"(anonymous_6)","decl":{"start":{"line":36,"column":2},"end":{"line":36,"column":9}},"loc":{"start":{"line":36,"column":9},"end":{"line":38,"column":3}}},"3":{"name":"(anonymous_7)","decl":{"start":{"line":40,"column":2},"end":{"line":40,"column":9}},"loc":{"start":{"line":40,"column":20},"end":{"line":42,"column":3}}},"4":{"name":"(anonymous_8)","decl":{"start":{"line":44,"column":2},"end":{"line":44,"column":7}},"loc":{"start":{"line":44,"column":61},"end":{"line":53,"column":3}}},"5":{"name":"(anonymous_9)","decl":{"start":{"line":55,"column":2},"end":{"line":55,"column":7}},"loc":{"start":{"line":55,"column":25},"end":{"line":57,"column":3}}}},"branchMap":{"0":{"loc":{"start":{"line":20,"column":4},"end":{"line":22,"column":null}},"type":"if","locations":[{"start":{"line":20,"column":4},"end":{"line":22,"column":null}},{"start":{"line":20,"column":4},"end":{"line":22,"column":null}}]},"1":{"loc":{"start":{"line":52,"column":32},"end":{"line":52,"column":36}},"type":"cond-expr","locations":[{"start":{"line":52,"column":32},"end":{"line":52,"column":36}},{"start":{"line":52,"column":39},"end":{"line":52,"column":43}}]}},"s":{"0":2,"1":2,"2":2,"3":2,"4":2,"5":5,"6":5,"7":1,"8":1,"9":0,"10":1,"11":1,"12":1,"13":1,"14":1,"15":1,"16":1,"17":1,"18":1,"19":0,"20":0,"21":0,"22":0,"23":0,"24":1,"25":2,"26":2},"f":{"0":5,"1":1,"2":1,"3":1,"4":0,"5":1},"b":{"0":[0,1],"1":[0,0]}}
}
