TN:
SF:src/solutions/domain/entities/canvas.entity.ts
FN:9,(anonymous_2)
FN:12,(anonymous_3)
FN:16,(anonymous_4)
FN:20,(anonymous_5)
FN:24,(anonymous_6)
FN:28,(anonymous_7)
FN:32,(anonymous_8)
FN:36,(anonymous_9)
FN:40,(anonymous_10)
FN:44,(anonymous_11)
FN:48,(anonymous_12)
FN:52,(anonymous_13)
FN:56,(anonymous_14)
FNF:13
FNH:0
FNDA:0,(anonymous_2)
FNDA:0,(anonymous_3)
FNDA:0,(anonymous_4)
FNDA:0,(anonymous_5)
FNDA:0,(anonymous_6)
FNDA:0,(anonymous_7)
FNDA:0,(anonymous_8)
FNDA:0,(anonymous_9)
FNDA:0,(anonymous_10)
FNDA:0,(anonymous_11)
FNDA:0,(anonymous_12)
FNDA:0,(anonymous_13)
FNDA:0,(anonymous_14)
DA:1,1
DA:2,1
DA:6,1
DA:9,0
DA:10,1
DA:12,0
DA:14,1
DA:16,0
DA:18,1
DA:20,0
DA:22,1
DA:24,0
DA:26,1
DA:28,0
DA:30,1
DA:32,0
DA:34,1
DA:36,0
DA:38,1
DA:40,0
DA:42,1
DA:44,0
DA:46,1
DA:48,0
DA:50,1
DA:52,0
DA:54,1
DA:56,0
DA:58,1
LF:29
LH:16
BRF:0
BRH:0
end_of_record
TN:
SF:src/solutions/domain/entities/solution.entity.ts
FN:9,(anonymous_2)
FN:36,(anonymous_3)
FN:40,(anonymous_4)
FN:44,(anonymous_5)
FN:48,(anonymous_6)
FN:52,(anonymous_7)
FNF:6
FNH:0
FNDA:0,(anonymous_2)
FNDA:0,(anonymous_3)
FNDA:0,(anonymous_4)
FNDA:0,(anonymous_5)
FNDA:0,(anonymous_6)
FNDA:0,(anonymous_7)
DA:1,1
DA:2,1
DA:6,1
DA:9,0
DA:10,1
DA:14,1
DA:18,1
DA:22,1
DA:26,1
DA:30,1
DA:34,1
DA:36,0
DA:38,1
DA:40,0
DA:42,1
DA:44,0
DA:46,1
DA:48,0
DA:50,1
DA:52,0
DA:54,1
LF:21
LH:15
BRF:0
BRH:0
end_of_record
TN:
SF:src/solutions/domain/services/canvas.service.ts
FN:11,(anonymous_4)
FN:16,(anonymous_5)
FN:31,(anonymous_6)
FN:35,(anonymous_7)
FNF:4
FNH:2
FNDA:3,(anonymous_4)
FNDA:0,(anonymous_5)
FNDA:1,(anonymous_6)
FNDA:0,(anonymous_7)
DA:1,1
DA:2,1
DA:3,1
DA:4,1
DA:6,1
DA:9,1
DA:13,3
DA:18,0
DA:20,0
DA:21,0
DA:22,0
DA:23,0
DA:26,0
DA:28,0
DA:32,1
DA:36,0
LF:16
LH:8
BRDA:20,0,0,0
BRDA:20,0,1,0
BRDA:22,1,0,0
BRDA:22,1,1,0
BRF:4
BRH:0
end_of_record
TN:
SF:src/solutions/domain/services/solutions.service.ts
FN:14,(anonymous_4)
FN:20,(anonymous_5)
FN:41,(anonymous_6)
FN:56,(anonymous_7)
FN:60,(anonymous_8)
FN:64,(anonymous_9)
FN:68,(anonymous_10)
FN:82,(anonymous_11)
FNF:8
FNH:4
FNDA:3,(anonymous_4)
FNDA:1,(anonymous_5)
FNDA:1,(anonymous_6)
FNDA:1,(anonymous_7)
FNDA:0,(anonymous_8)
FNDA:0,(anonymous_9)
FNDA:0,(anonymous_10)
FNDA:0,(anonymous_11)
DA:1,1
DA:2,1
DA:3,1
DA:6,1
DA:7,1
DA:8,1
DA:12,1
DA:16,3
DA:17,3
DA:21,1
DA:23,1
DA:36,1
DA:38,1
DA:43,1
DA:53,1
DA:57,1
DA:61,0
DA:65,0
DA:70,0
DA:71,0
DA:73,0
DA:74,0
DA:77,0
DA:79,0
DA:84,0
DA:85,0
DA:87,0
DA:88,0
DA:89,0
DA:90,0
DA:93,0
DA:95,0
LF:32
LH:16
BRDA:44,0,0,0
BRDA:44,0,1,1
BRDA:43,1,0,1
BRDA:43,1,1,1
BRDA:73,2,0,0
BRDA:73,2,1,0
BRDA:87,3,0,0
BRDA:87,3,1,0
BRDA:89,4,0,0
BRDA:89,4,1,0
BRF:10
BRH:3
end_of_record
TN:
SF:src/users/Entities/image.entity.ts
FNF:0
FNH:0
DA:1,1
DA:2,1
DA:5,1
DA:9,1
DA:13,1
LF:5
LH:5
BRF:0
BRH:0
end_of_record
TN:
SF:src/users/Entities/user.entity.ts
FN:10,(anonymous_2)
FNF:1
FNH:0
FNDA:0,(anonymous_2)
DA:1,1
DA:2,1
DA:3,1
DA:7,1
DA:10,0
DA:11,1
DA:15,1
DA:19,1
DA:23,1
DA:27,1
DA:31,1
DA:35,1
LF:12
LH:11
BRF:0
BRH:0
end_of_record
TN:
SF:src/users/services/user.service.ts
FN:11,(anonymous_4)
FN:16,(anonymous_5)
FN:36,(anonymous_6)
FN:40,(anonymous_7)
FN:44,(anonymous_8)
FN:55,(anonymous_9)
FNF:6
FNH:5
FNDA:5,(anonymous_4)
FNDA:1,(anonymous_5)
FNDA:1,(anonymous_6)
FNDA:1,(anonymous_7)
FNDA:0,(anonymous_8)
FNDA:1,(anonymous_9)
DA:1,1
DA:2,1
DA:3,1
DA:4,1
DA:7,1
DA:9,5
DA:13,5
DA:18,1
DA:20,1
DA:21,0
DA:24,1
DA:25,1
DA:26,1
DA:28,1
DA:29,1
DA:31,1
DA:33,1
DA:37,1
DA:41,1
DA:45,0
DA:46,0
DA:48,0
DA:50,0
DA:52,0
DA:56,1
LF:25
LH:19
BRDA:20,0,0,0
BRDA:20,0,1,1
BRDA:52,1,0,0
BRDA:52,1,1,0
BRF:4
BRH:1
end_of_record
